[2021-06-09 10:01:28] [info] Start Program:
Path:"C:\\Users\\Serban Ionescu\\Desktop\\Serban oop\\Lab10-11\\x64\\Debug\\Lab10-11.exe"
Arguments:
Working directory: "C:\\Users\\Serban Ionescu\\Desktop\\Serban oop\\Lab10-11\\Lab10-11\\"
Modules: Selected: C:\Users\Serban Ionescu\Desktop\Serban oop\Lab10-11\x64\Debug\Lab10-11.exe Excluded: 
Sources: Selected: C:\Users\Serban Ionescu\Desktop\Serban oop\Lab10-11\Lab10-11 Excluded: MasinaGUI main ManageMasini.h RepoMasina.h 
Log Level: Normal
Cover Children: 0
Aggregate by file: 1
Continue after C++ exception: 0
Optimized build support: 0
Export: binary C:\Users\Serban Ionescu\AppData\Local\Temp\2xol1nwh.k4w 
Input coverage: 
Unified diff: 
Excluded line regular expressions: 
Substitute pdb source paths: 

[2021-06-09 10:01:28] [info] Module: C:\Users\Serban Ionescu\Desktop\Serban oop\Lab10-11\x64\Debug\Lab10-11.exe is selected because it matches selected pattern: C:\Users\Serban Ionescu\Desktop\Serban oop\Lab10-11\x64\Debug\Lab10-11.exe
[2021-06-09 10:01:29] [info] ----------------------------------------------------
[2021-06-09 10:01:29] [info] Coverage binary generated in file: C:\Users\Serban Ionescu\AppData\Local\Temp\2xol1nwh.k4w
[2021-06-09 10:01:29] [info] ----------------------------------------------------
