[2021-04-15 21:59:09] [info] Start Program:
Path:"C:\\Users\\Serban Ionescu\\Desktop\\Serban oop\\Lab8-9_1\\Debug\\Lab8-9_1.exe"
Arguments:
Working directory: "C:\\Users\\Serban Ionescu\\Desktop\\Serban oop\\Lab8-9_1\\Lab8-9_1\\"
Modules: Selected: C:\Users\Serban Ionescu\Desktop\Serban oop\Lab8-9_1\Debug\Lab8-9_1.exe Excluded: 
Sources: Selected: C:\Users\Serban Ionescu\Desktop\Serban oop\Lab8-9_1\Lab8-9_1 Excluded: main.cpp UiMasina ManageMasini.h 
Log Level: Normal
Cover Children: 0
Aggregate by file: 1
Continue after C++ exception: 0
Optimized build support: 0
Export: binary C:\Users\Serban Ionescu\AppData\Local\Temp\tecigzc1.xfx 
Input coverage: 
Unified diff: 
Excluded line regular expressions: 
Substitute pdb source paths: 

[2021-04-15 21:59:09] [info] Module: C:\Users\Serban Ionescu\Desktop\Serban oop\Lab8-9_1\Debug\Lab8-9_1.exe is selected because it matches selected pattern: C:\Users\Serban Ionescu\Desktop\Serban oop\Lab8-9_1\Debug\Lab8-9_1.exe
[2021-04-15 21:59:09] [info] ----------------------------------------------------
[2021-04-15 21:59:09] [info] Coverage binary generated in file: C:\Users\Serban Ionescu\AppData\Local\Temp\tecigzc1.xfx
[2021-04-15 21:59:09] [info] ----------------------------------------------------
